<?xml version="1.0" encoding="UTF-8"?>
<!-- Generated by org.testng.reporters.JUnitReportReporter -->
<testsuite hostname="DESKTOP-1SPFP3D" failures="0" tests="3" name="us.piit.automation.UserLogin" time="54.309" errors="0" timestamp="2023-05-09T10:48:43 EDT" skipped="0">
  <testcase classname="us.piit.automation.UserLogin" name="invalidemail" time="15.555"/>
  <system-out/>
  <testcase classname="us.piit.automation.UserLogin" name="validCredentials" time="15.555"/>
  <system-out/>
  <testcase classname="us.piit.automation.UserLogin" name="invalidPassword" time="23.199"/>
  <system-out/>
</testsuite> <!-- us.piit.automation.UserLogin -->
