<?xml version="1.0" encoding="UTF-8"?>
<!-- Generated by org.testng.reporters.JUnitReportReporter -->
<testsuite hostname="sofiane14" failures="0" tests="1" name="us.piit.luma.CustomerServiceTest" time="6.619" errors="0" timestamp="2023-05-09T10:06:03 EDT" skipped="0">
  <testcase classname="us.piit.luma.CustomerServiceTest" name="sendEmail" time="6.619"/>
  <system-out/>
</testsuite> <!-- us.piit.luma.CustomerServiceTest -->
