<?xml version="1.0" encoding="UTF-8"?>
<!-- Generated by org.testng.reporters.JUnitReportReporter -->
<testsuite hostname="sofiane14" failures="0" tests="1" name="us.piit.luma.CreateAccount" time="6.783" errors="0" timestamp="2023-05-09T10:06:03 EDT" skipped="0">
  <testcase classname="us.piit.luma.CreateAccount" name="emailAlreadyTaken" time="6.783"/>
  <system-out/>
</testsuite> <!-- us.piit.luma.CreateAccount -->
