<?xml version="1.0" encoding="UTF-8"?>
<!-- Generated by org.testng.reporters.JUnitReportReporter -->
<testsuite hostname="sofiane14" failures="0" tests="3" name="us.piit.luma.LoginTest" time="13.830" errors="0" timestamp="2023-05-04T20:51:28 EDT" skipped="0">
  <testcase classname="us.piit.luma.LoginTest" name="validCred" time="5.429"/>
  <system-out/>
  <testcase classname="us.piit.luma.LoginTest" name="invalidEmail" time="5.147"/>
  <system-out/>
  <testcase classname="us.piit.luma.LoginTest" name="missingPassword" time="3.254"/>
  <system-out/>
</testsuite> <!-- us.piit.luma.LoginTest -->
