<?xml version="1.0" encoding="UTF-8"?>
<!-- Generated by org.testng.reporters.JUnitReportReporter -->
<testsuite hostname="sofiane14" failures="0" tests="3" name="us.piit.luma.PurchaseItemTest" time="52.428" errors="0" timestamp="2023-05-07T17:44:17 EDT" skipped="0">
  <testcase classname="us.piit.luma.PurchaseItemTest" name="buyProduct" time="20.710"/>
  <system-out/>
  <testcase classname="us.piit.luma.PurchaseItemTest" name="addItemToCart" time="10.294"/>
  <system-out/>
  <testcase classname="us.piit.luma.PurchaseItemTest" name="removeItemsFromTheCart" time="21.424"/>
  <system-out/>
</testsuite> <!-- us.piit.luma.PurchaseItemTest -->
