<?xml version="1.0" encoding="UTF-8"?>
<!-- Generated by org.testng.reporters.JUnitReportReporter -->
<testsuite hostname="sofiane14" failures="0" tests="1" name="us.piit.luma.LoginTest" time="6.311" errors="0" timestamp="2023-05-04T19:40:59 EDT" skipped="0">
  <testcase classname="us.piit.luma.LoginTest" name="validCred" time="6.311"/>
  <system-out/>
</testsuite> <!-- us.piit.luma.LoginTest -->
