<?xml version="1.0" encoding="UTF-8"?>
<!-- Generated by org.testng.reporters.JUnitReportReporter -->
<testsuite hostname="DESKTOP-1SPFP3D" failures="0" tests="1" name="us.piit.automation.UserRegistration" time="9.707" errors="0" timestamp="2023-05-08T10:46:51 EDT" skipped="0">
  <testcase classname="us.piit.automation.UserRegistration" name="existingEmail" time="9.707"/>
  <system-out/>
</testsuite> <!-- us.piit.automation.UserRegistration -->
