<?xml version="1.0" encoding="UTF-8"?>
<!-- Generated by org.testng.reporters.JUnitReportReporter -->
<testsuite hostname="sofiane14" failures="0" tests="1" name="us.piit.luma.AddItemToCart" time="20.396" errors="0" timestamp="2023-05-06T13:25:45 EDT" skipped="0">
  <testcase classname="us.piit.luma.AddItemToCart" name="addItem" time="20.396"/>
  <system-out/>
</testsuite> <!-- us.piit.luma.AddItemToCart -->
