<?xml version="1.0" encoding="UTF-8"?>
<!-- Generated by org.testng.reporters.JUnitReportReporter -->
<testsuite hostname="sofiane14" failures="0" tests="1" name="us.piit.luma.SearchBarTest" time="7.041" errors="0" timestamp="2023-05-07T13:49:06 EDT" skipped="0">
  <testcase classname="us.piit.luma.SearchBarTest" name="sendEmail" time="7.041"/>
  <system-out/>
</testsuite> <!-- us.piit.luma.SearchBarTest -->
