<?xml version="1.0" encoding="UTF-8"?>
<!-- Generated by org.testng.reporters.JUnitReportReporter -->
<testsuite hostname="sofiane14" failures="0" tests="1" name="us.piit.luma.AddItemToCar" time="9.832" errors="0" timestamp="2023-05-04T20:51:28 EDT" skipped="0">
  <testcase classname="us.piit.luma.AddItemToCar" name="addItem" time="9.832"/>
  <system-out/>
</testsuite> <!-- us.piit.luma.AddItemToCar -->
