<?xml version="1.0" encoding="UTF-8"?>
<!-- Generated by org.testng.reporters.JUnitReportReporter -->
<testsuite hostname="yahia" failures="0" tests="1" name="us.piit.automationpractice.SearchBarTest" time="6.454" errors="0" timestamp="2023-05-07T21:50:36 EDT" skipped="0">
  <testcase classname="us.piit.automationpractice.SearchBarTest" name="searchTest" time="6.454"/>
  <system-out/>
</testsuite> <!-- us.piit.automationpractice.SearchBarTest -->
