<?xml version="1.0" encoding="UTF-8"?>
<!-- Generated by org.testng.reporters.JUnitReportReporter -->
<testsuite hostname="sofiane14" failures="0" tests="1" name="us.piit.luma.PurchaseItemTest" time="13.942" errors="0" timestamp="2023-05-05T16:39:15 EDT" skipped="0">
  <testcase classname="us.piit.luma.PurchaseItemTest" name="purchaseItem" time="13.942"/>
  <system-out/>
</testsuite> <!-- us.piit.luma.PurchaseItemTest -->
