<?xml version="1.0" encoding="UTF-8"?>
<!-- Generated by org.testng.reporters.JUnitReportReporter -->
<testsuite hostname="sofiane14" failures="0" tests="3" name="us.piit.luma.LoginTest" time="17.062" errors="0" timestamp="2023-05-04T21:51:18 EDT" skipped="0">
  <testcase classname="us.piit.luma.LoginTest" name="invalidEmail" time="4.461"/>
  <system-out/>
  <testcase classname="us.piit.luma.LoginTest" name="validCred" time="6.371"/>
  <system-out/>
  <testcase classname="us.piit.luma.LoginTest" name="missingPassword" time="6.230"/>
  <system-out/>
</testsuite> <!-- us.piit.luma.LoginTest -->
