<?xml version="1.0" encoding="UTF-8"?>
<!-- Generated by org.testng.reporters.JUnitReportReporter -->
<testsuite hostname="sofiane14" failures="0" tests="1" name="us.piit.luma.CustomerServiceTest" time="19.293" errors="0" timestamp="2023-05-07T17:26:53 EDT" skipped="0">
  <testcase classname="us.piit.luma.CustomerServiceTest" name="sendEmail" time="19.293"/>
  <system-out/>
</testsuite> <!-- us.piit.luma.CustomerServiceTest -->
