<?xml version="1.0" encoding="UTF-8"?>
<!-- Generated by org.testng.reporters.JUnitReportReporter -->
<testsuite hostname="sofiane14" failures="0" tests="1" name="us.piit.luma.CreateAccount" time="8.056" errors="0" timestamp="2023-05-05T16:39:15 EDT" skipped="0">
  <testcase classname="us.piit.luma.CreateAccount" name="createWithExistingEmail" time="8.056"/>
  <system-out/>
</testsuite> <!-- us.piit.luma.CreateAccount -->
