<?xml version="1.0" encoding="UTF-8"?>
<!-- Generated by org.testng.reporters.JUnitReportReporter -->
<testsuite hostname="sofiane14" failures="0" tests="3" name="us.piit.luma.PurchaseItemTest" time="35.735" errors="0" timestamp="2023-05-09T10:06:03 EDT" skipped="0">
  <testcase classname="us.piit.luma.PurchaseItemTest" name="addItemToCart" time="7.457"/>
  <system-out/>
  <testcase classname="us.piit.luma.PurchaseItemTest" name="removeItemsFromTheCart" time="10.780"/>
  <system-out/>
  <testcase classname="us.piit.luma.PurchaseItemTest" name="buyProduct" time="17.498"/>
  <system-out/>
</testsuite> <!-- us.piit.luma.PurchaseItemTest -->
