<?xml version="1.0" encoding="UTF-8"?>
<!-- Generated by org.testng.reporters.JUnitReportReporter -->
<testsuite hostname="yahia" failures="0" tests="2" name="us.piit.automationpractice.LogingTest" time="17.328" errors="0" timestamp="2023-05-09T17:13:48 EDT" skipped="0">
  <testcase classname="us.piit.automationpractice.LogingTest" name="invalidEmail" time="8.592"/>
  <system-out/>
  <testcase classname="us.piit.automationpractice.LogingTest" name="missingPassword" time="8.736"/>
  <system-out/>
</testsuite> <!-- us.piit.automationpractice.LogingTest -->
