<?xml version="1.0" encoding="UTF-8"?>
<!-- Generated by org.testng.reporters.JUnitReportReporter -->
<testsuite hostname="DESKTOP-1SPFP3D" failures="0" tests="1" name="us.piit.automation.SearchProducts" time="13.536" errors="0" timestamp="2023-05-09T10:20:40 EDT" skipped="0">
  <testcase classname="us.piit.automation.SearchProducts" name="SearchProduct" time="13.536"/>
  <system-out/>
</testsuite> <!-- us.piit.automation.SearchProducts -->
