<?xml version="1.0" encoding="UTF-8"?>
<!-- Generated by org.testng.reporters.JUnitReportReporter -->
<testsuite hostname="sofiane14" failures="0" tests="1" name="us.piit.luma.PurchaseItemTest" time="19.508" errors="0" timestamp="2023-05-05T18:56:50 EDT" skipped="0">
  <testcase classname="us.piit.luma.PurchaseItemTest" name="purchaseItem" time="19.508"/>
  <system-out/>
</testsuite> <!-- us.piit.luma.PurchaseItemTest -->
