<?xml version="1.0" encoding="UTF-8"?>
<!-- Generated by org.testng.reporters.JUnitReportReporter -->
<testsuite hostname="sofiane14" failures="0" tests="3" name="us.piit.luma.LoginTest" time="16.475" errors="0" timestamp="2023-05-06T14:00:09 EDT" skipped="0">
  <testcase classname="us.piit.luma.LoginTest" name="invalidEmail" time="5.460"/>
  <system-out/>
  <testcase classname="us.piit.luma.LoginTest" name="missingPassword" time="4.313"/>
  <system-out/>
  <testcase classname="us.piit.luma.LoginTest" name="validCred" time="6.702"/>
  <system-out/>
</testsuite> <!-- us.piit.luma.LoginTest -->
