<?xml version="1.0" encoding="UTF-8"?>
<!-- Generated by org.testng.reporters.JUnitReportReporter -->
<testsuite hostname="sofiane14" failures="0" tests="2" name="us.piit.luma.PurchaseItemTest" time="40.286" errors="0" timestamp="2023-05-06T14:39:51 EDT" skipped="0">
  <testcase classname="us.piit.luma.PurchaseItemTest" name="addItemToCart" time="19.118"/>
  <system-out/>
  <testcase classname="us.piit.luma.PurchaseItemTest" name="buyProduct" time="21.168"/>
  <system-out/>
</testsuite> <!-- us.piit.luma.PurchaseItemTest -->
