<?xml version="1.0" encoding="UTF-8"?>
<!-- Generated by org.testng.reporters.JUnitReportReporter -->
<testsuite hostname="DESKTOP-1SPFP3D" failures="0" tests="2" name="us.piit.automation.UserRegistration" time="44.059" errors="0" timestamp="2023-05-09T10:48:43 EDT" skipped="0">
  <testcase classname="us.piit.automation.UserRegistration" name="registration" time="30.901"/>
  <system-out/>
  <testcase classname="us.piit.automation.UserRegistration" name="existingEmail" time="13.158"/>
  <system-out/>
</testsuite> <!-- us.piit.automation.UserRegistration -->
