<?xml version="1.0" encoding="UTF-8"?>
<!-- Generated by org.testng.reporters.JUnitReportReporter -->
<testsuite hostname="DESKTOP-1SPFP3D" failures="0" tests="1" name="us.piit.automation.AddItemsToCart" time="10.933" errors="0" timestamp="2023-05-05T21:19:18 EDT" skipped="0">
  <testcase classname="us.piit.automation.AddItemsToCart" name="menTisherts" time="10.933"/>
  <system-out/>
</testsuite> <!-- us.piit.automation.AddItemsToCart -->
