<?xml version="1.0" encoding="UTF-8"?>
<!-- Generated by org.testng.reporters.JUnitReportReporter -->
<testsuite hostname="sofiane14" failures="0" tests="3" name="us.piit.luma.LoginTest" time="14.072" errors="0" timestamp="2023-05-09T10:06:03 EDT" skipped="0">
  <testcase classname="us.piit.luma.LoginTest" name="invalidEmail" time="4.067"/>
  <system-out/>
  <testcase classname="us.piit.luma.LoginTest" name="missingPassword" time="3.996"/>
  <system-out/>
  <testcase classname="us.piit.luma.LoginTest" name="validCred" time="6.009"/>
  <system-out/>
</testsuite> <!-- us.piit.luma.LoginTest -->
