<?xml version="1.0" encoding="UTF-8"?>
<!-- Generated by org.testng.reporters.JUnitReportReporter -->
<testsuite hostname="DESKTOP-1SPFP3D" failures="0" tests="1" name="us.piit.automation.SearchProducts" time="9.273" errors="0" timestamp="2023-05-09T10:48:43 EDT" skipped="0">
  <testcase classname="us.piit.automation.SearchProducts" name="SearchProduct" time="9.273"/>
  <system-out/>
</testsuite> <!-- us.piit.automation.SearchProducts -->
