<?xml version="1.0" encoding="UTF-8"?>
<!-- Generated by org.testng.reporters.JUnitReportReporter -->
<testsuite hostname="sofiane14" failures="0" tests="1" name="us.piit.luma.LumaLogoTest" time="12.855" errors="0" timestamp="2023-05-07T17:27:28 EDT" skipped="0">
  <testcase classname="us.piit.luma.LumaLogoTest" name="lumaLogo" time="12.855"/>
  <system-out/>
</testsuite> <!-- us.piit.luma.LumaLogoTest -->
