<?xml version="1.0" encoding="UTF-8"?>
<!-- Generated by org.testng.reporters.JUnitReportReporter -->
<testsuite hostname="yahia" failures="0" tests="1" name="us.piit.automationpractice.AddToCard" time="12.219" errors="0" timestamp="2023-05-09T14:56:22 EDT" skipped="0">
  <testcase classname="us.piit.automationpractice.AddToCard" name="AddItem" time="12.219"/>
  <system-out/>
</testsuite> <!-- us.piit.automationpractice.AddToCard -->
