<?xml version="1.0" encoding="UTF-8"?>
<!-- Generated by org.testng.reporters.JUnitReportReporter -->
<testsuite hostname="DESKTOP-1SPFP3D" failures="0" tests="1" name="us.piit.automation.BuyProduct" time="20.618" errors="0" timestamp="2023-05-05T19:21:23 EDT" skipped="0">
  <testcase classname="us.piit.automation.BuyProduct" name="menTisherts" time="20.618"/>
  <system-out/>
</testsuite> <!-- us.piit.automation.BuyProduct -->
