<?xml version="1.0" encoding="UTF-8"?>
<!-- Generated by org.testng.reporters.JUnitReportReporter -->
<testsuite hostname="yahia" failures="0" tests="1" name="us.piit.automationpractice.LogingTest" time="13.340" errors="0" timestamp="2023-05-08T13:02:48 EDT" skipped="0">
  <testcase classname="us.piit.automationpractice.LogingTest" name="validCredential" time="13.340"/>
  <system-out/>
</testsuite> <!-- us.piit.automationpractice.LogingTest -->
