<?xml version="1.0" encoding="UTF-8"?>
<!-- Generated by org.testng.reporters.JUnitReportReporter -->
<testsuite hostname="sofiane14" failures="0" tests="3" name="us.piit.luma.LoginTest" time="12.279" errors="0" timestamp="2023-05-05T16:39:15 EDT" skipped="0">
  <testcase classname="us.piit.luma.LoginTest" name="invalidEmail" time="3.378"/>
  <system-out/>
  <testcase classname="us.piit.luma.LoginTest" name="missingPassword" time="3.403"/>
  <system-out/>
  <testcase classname="us.piit.luma.LoginTest" name="validCred" time="5.498"/>
  <system-out/>
</testsuite> <!-- us.piit.luma.LoginTest -->
