<?xml version="1.0" encoding="UTF-8"?>
<!-- Generated by org.testng.reporters.JUnitReportReporter -->
<testsuite hostname="sofiane14" failures="0" tests="1" name="us.piit.luma.AddItemToCar" time="10.784" errors="0" timestamp="2023-05-04T21:51:18 EDT" skipped="0">
  <testcase classname="us.piit.luma.AddItemToCar" name="addItem" time="10.784"/>
  <system-out/>
</testsuite> <!-- us.piit.luma.AddItemToCar -->
