<?xml version="1.0" encoding="UTF-8"?>
<!-- Generated by org.testng.reporters.JUnitReportReporter -->
<testsuite hostname="sofiane14" failures="0" tests="3" name="us.piit.luma.LoginTest" time="13.869" errors="0" timestamp="2023-05-05T18:56:50 EDT" skipped="0">
  <testcase classname="us.piit.luma.LoginTest" name="validCred" time="6.000"/>
  <system-out/>
  <testcase classname="us.piit.luma.LoginTest" name="missingPassword" time="4.091"/>
  <system-out/>
  <testcase classname="us.piit.luma.LoginTest" name="invalidEmail" time="3.778"/>
  <system-out/>
</testsuite> <!-- us.piit.luma.LoginTest -->
