<?xml version="1.0" encoding="UTF-8"?>
<!-- Generated by org.testng.reporters.JUnitReportReporter -->
<testsuite hostname="DESKTOP-1SPFP3D" failures="0" tests="1" name="us.piit.automation.AddItemsToCart" time="11.810" errors="0" timestamp="2023-05-09T10:48:43 EDT" skipped="0">
  <testcase classname="us.piit.automation.AddItemsToCart" name="menTisherts" time="11.810"/>
  <system-out/>
</testsuite> <!-- us.piit.automation.AddItemsToCart -->
